No custom config.js found, loading config.default.js
Welcome to mongo-express
------------------------


Mongo Express server listening at http://0.0.0.0:8081
[31mServer is open to allow connections from anyone (0.0.0.0)[39m
Database connected
Connecting to pantheon...
Database pantheon connected
[0mGET /db/pantheon/applicants?skip=40&key=&value=&type=&query=&projection= [32m200 [0m114.163 ms - 35176[0m
[0mGET /public/css/style.css [32m200 [0m7.569 ms - 1838[0m
[0mGET /public/css/theme/rubyblue.css [32m200 [0m7.935 ms - 1772[0m
[0mGET /public/css/codemirror.css [32m200 [0m8.265 ms - 8217[0m
[0mGET /public/css/bootstrap-theme.min.css [32m200 [0m8.318 ms - 23409[0m
[0mGET /public/css/bootstrap.min.css [32m200 [0m7.981 ms - 121200[0m
[0mGET /public/vendor-0a6fcf9080162c2d93b6.min.js [32m200 [0m0.609 ms - 125889[0m
[0mGET /public/collection-53df18a66d73c5cac5c3.min.js [32m200 [0m0.307 ms - 9432[0m
[0mGET /public/img/mongo-express-logo.png [32m200 [0m0.404 ms - 17847[0m
[0mGET /public/fonts/glyphicons-halflings-regular.woff2 [32m200 [0m0.367 ms - 18028[0m
[0mGET /public/img/gears.gif [32m200 [0m0.403 ms - 50281[0m
[0mGET /public/codemirror-1cf5d807764f361f5011.min.js [32m200 [0m0.424 ms - 175943[0m
[0mGET /db/pantheon/applicants/%252259ce92303280a16e65bb5c9f%2522 [32m200 [0m22.486 ms - 6474[0m
[0mGET /public/css/bootstrap.min.css [36m304 [0m1.888 ms - -[0m
[0mGET /public/css/bootstrap-theme.min.css [36m304 [0m1.830 ms - -[0m
[0mGET /public/css/codemirror.css [36m304 [0m0.680 ms - -[0m
[0mGET /public/css/theme/rubyblue.css [36m304 [0m0.540 ms - -[0m
[0mGET /public/css/style.css [36m304 [0m0.249 ms - -[0m
[0mGET /public/vendor-0a6fcf9080162c2d93b6.min.js [36m304 [0m0.339 ms - -[0m
[0mGET /public/document-a23d7614559f854746f3.min.js [32m200 [0m0.913 ms - 1237[0m
[0mGET /public/img/gears.gif [36m304 [0m0.335 ms - -[0m
[0mGET /public/codemirror-1cf5d807764f361f5011.min.js [36m304 [0m0.589 ms - -[0m
[0mGET /public/img/mongo-express-logo.png [36m304 [0m0.567 ms - -[0m
[0mGET /public/fonts/glyphicons-halflings-regular.woff2 [36m304 [0m0.299 ms - -[0m
[0mPOST /checkValid [32m200 [0m24.197 ms - 5[0m
[0mPUT /db/pantheon/applicants/%2259ce92303280a16e65bb5c9f%22 [36m302 [0m19.955 ms - 90[0m
[0mGET /db/pantheon/applicants [32m200 [0m84.979 ms - 57284[0m
[0mGET /public/css/style.css [36m304 [0m2.597 ms - -[0m
[0mGET /public/css/bootstrap-theme.min.css [36m304 [0m2.171 ms - -[0m
[0mGET /public/css/bootstrap.min.css [36m304 [0m1.933 ms - -[0m
[0mGET /public/css/theme/rubyblue.css [36m304 [0m0.490 ms - -[0m
[0mGET /public/css/codemirror.css [36m304 [0m0.408 ms - -[0m
[0mGET /public/img/gears.gif [36m304 [0m0.943 ms - -[0m
[0mGET /public/img/mongo-express-logo.png [36m304 [0m1.151 ms - -[0m
[0mGET /public/codemirror-1cf5d807764f361f5011.min.js [36m304 [0m1.451 ms - -[0m
[0mGET /public/vendor-0a6fcf9080162c2d93b6.min.js [36m304 [0m1.451 ms - -[0m
[0mGET /public/collection-53df18a66d73c5cac5c3.min.js [36m304 [0m0.730 ms - -[0m
[0mGET /public/fonts/glyphicons-halflings-regular.woff2 [36m304 [0m0.277 ms - -[0m
[0mGET /db/pantheon/applicants/%252259ce661e3280a16e65bb5c5b%2522 [32m200 [0m12.827 ms - 6480[0m
[0mGET /public/css/theme/rubyblue.css [36m304 [0m1.195 ms - -[0m
[0mGET /public/css/codemirror.css [36m304 [0m1.619 ms - -[0m
[0mGET /public/css/bootstrap-theme.min.css [36m304 [0m1.611 ms - -[0m
[0mGET /public/css/bootstrap.min.css [36m304 [0m1.645 ms - -[0m
[0mGET /public/css/style.css [36m304 [0m0.474 ms - -[0m
[0mGET /public/img/mongo-express-logo.png [36m304 [0m1.182 ms - -[0m
[0mGET /public/img/gears.gif [36m304 [0m0.240 ms - -[0m
[0mGET /public/document-a23d7614559f854746f3.min.js [36m304 [0m0.701 ms - -[0m
[0mGET /public/codemirror-1cf5d807764f361f5011.min.js [36m304 [0m0.651 ms - -[0m
[0mGET /public/vendor-0a6fcf9080162c2d93b6.min.js [36m304 [0m0.728 ms - -[0m
[0mGET /public/fonts/glyphicons-halflings-regular.woff2 [36m304 [0m0.191 ms - -[0m
[0mPOST /checkValid [32m200 [0m2.752 ms - 5[0m
[0mPUT /db/pantheon/applicants/%2259ce661e3280a16e65bb5c5b%22 [36m302 [0m4.784 ms - 90[0m
[0mGET /db/pantheon/applicants [32m200 [0m49.839 ms - 57284[0m
[0mGET /public/css/theme/rubyblue.css [36m304 [0m0.331 ms - -[0m
[0mGET /public/css/bootstrap-theme.min.css [36m304 [0m0.742 ms - -[0m
[0mGET /public/css/style.css [36m304 [0m1.321 ms - -[0m
[0mGET /public/css/bootstrap.min.css [36m304 [0m1.301 ms - -[0m
[0mGET /public/css/codemirror.css [36m304 [0m0.178 ms - -[0m
[0mGET /public/img/mongo-express-logo.png [36m304 [0m0.248 ms - -[0m
[0mGET /public/img/gears.gif [36m304 [0m0.221 ms - -[0m
[0mGET /public/fonts/glyphicons-halflings-regular.woff2 [36m304 [0m1.331 ms - -[0m
[0mGET /public/vendor-0a6fcf9080162c2d93b6.min.js [36m304 [0m5.131 ms - -[0m
[0mGET /public/codemirror-1cf5d807764f361f5011.min.js [36m304 [0m0.241 ms - -[0m
[0mGET /public/collection-53df18a66d73c5cac5c3.min.js [36m304 [0m0.159 ms - -[0m
[0mGET /db/pantheon/applicants?skip=10&key=&value=&type=&query=&projection= [32m200 [0m63.244 ms - 57439[0m
[0mGET /public/css/codemirror.css [36m304 [0m2.122 ms - -[0m
[0mGET /public/css/bootstrap-theme.min.css [36m304 [0m1.735 ms - -[0m
[0mGET /public/css/style.css [36m304 [0m1.488 ms - -[0m
[0mGET /public/css/bootstrap.min.css [36m304 [0m1.339 ms - -[0m
[0mGET /public/css/theme/rubyblue.css [36m304 [0m0.361 ms - -[0m
[0mGET /public/img/mongo-express-logo.png [36m304 [0m0.326 ms - -[0m
[0mGET /public/img/gears.gif [36m304 [0m0.255 ms - -[0m
[0mGET /public/fonts/glyphicons-halflings-regular.woff2 [36m304 [0m0.262 ms - -[0m
[0mGET /public/codemirror-1cf5d807764f361f5011.min.js [36m304 [0m2.943 ms - -[0m
[0mGET /public/vendor-0a6fcf9080162c2d93b6.min.js [36m304 [0m3.056 ms - -[0m
[0mGET /public/collection-53df18a66d73c5cac5c3.min.js [36m304 [0m0.228 ms - -[0m
[0mGET /db/pantheon/applicants?skip=20&key=&value=&type=&query=&projection= [32m200 [0m45.338 ms - 57529[0m
[0mGET /public/css/bootstrap.min.css [36m304 [0m0.661 ms - -[0m
[0mGET /public/css/bootstrap-theme.min.css [36m304 [0m0.265 ms - -[0m
[0mGET /public/css/theme/rubyblue.css [36m304 [0m0.225 ms - -[0m
[0mGET /public/css/style.css [36m304 [0m0.410 ms - -[0m
[0mGET /public/css/codemirror.css [36m304 [0m0.353 ms - -[0m
[0mGET /public/img/gears.gif [36m304 [0m0.224 ms - -[0m
[0mGET /public/img/mongo-express-logo.png [36m304 [0m0.195 ms - -[0m
[0mGET /public/codemirror-1cf5d807764f361f5011.min.js [36m304 [0m0.181 ms - -[0m
[0mGET /public/collection-53df18a66d73c5cac5c3.min.js [36m304 [0m0.405 ms - -[0m
[0mGET /public/vendor-0a6fcf9080162c2d93b6.min.js [36m304 [0m0.381 ms - -[0m
[0mGET /public/fonts/glyphicons-halflings-regular.woff2 [36m304 [0m0.207 ms - -[0m
[0mGET /db/pantheon/applicants?skip=30&key=&value=&type=&query=&projection= [32m200 [0m58.715 ms - 57346[0m
[0mGET /public/css/codemirror.css [36m304 [0m1.001 ms - -[0m
[0mGET /public/css/style.css [36m304 [0m0.924 ms - -[0m
[0mGET /public/css/bootstrap.min.css [36m304 [0m0.762 ms - -[0m
[0mGET /public/css/bootstrap-theme.min.css [36m304 [0m0.262 ms - -[0m
[0mGET /public/css/theme/rubyblue.css [36m304 [0m0.331 ms - -[0m
[0mGET /public/img/gears.gif [36m304 [0m0.299 ms - -[0m
[0mGET /public/img/mongo-express-logo.png [36m304 [0m0.352 ms - -[0m
[0mGET /public/codemirror-1cf5d807764f361f5011.min.js [36m304 [0m0.236 ms - -[0m
[0mGET /public/collection-53df18a66d73c5cac5c3.min.js [36m304 [0m0.443 ms - -[0m
[0mGET /public/vendor-0a6fcf9080162c2d93b6.min.js [36m304 [0m0.380 ms - -[0m
[0mGET /public/fonts/glyphicons-halflings-regular.woff2 [36m304 [0m0.218 ms - -[0m
[0mGET /db/pantheon/applicants/%252259ce7b363280a16e65bb5c8b%2522 [32m200 [0m22.244 ms - 6169[0m
[0mGET /public/css/style.css [36m304 [0m1.419 ms - -[0m
[0mGET /public/css/bootstrap-theme.min.css [36m304 [0m0.879 ms - -[0m
[0mGET /public/css/bootstrap.min.css [36m304 [0m0.256 ms - -[0m
[0mGET /public/css/theme/rubyblue.css [36m304 [0m0.760 ms - -[0m
[0mGET /public/css/codemirror.css [36m304 [0m0.874 ms - -[0m
[0mGET /public/img/gears.gif [36m304 [0m0.472 ms - -[0m
[0mGET /public/img/mongo-express-logo.png [36m304 [0m1.793 ms - -[0m
[0mGET /public/codemirror-1cf5d807764f361f5011.min.js [36m304 [0m0.198 ms - -[0m
[0mGET /public/document-a23d7614559f854746f3.min.js [36m304 [0m0.546 ms - -[0m
[0mGET /public/vendor-0a6fcf9080162c2d93b6.min.js [36m304 [0m0.497 ms - -[0m
[0mGET /public/fonts/glyphicons-halflings-regular.woff2 [36m304 [0m0.198 ms - -[0m
[0mPOST /checkValid [32m200 [0m4.164 ms - 5[0m
[0mPUT /db/pantheon/applicants/%2259ce7b363280a16e65bb5c8b%22 [36m302 [0m5.498 ms - 90[0m
[0mGET /db/pantheon/applicants [36m304 [0m73.647 ms - -[0m
[0mGET /public/css/style.css [36m304 [0m0.555 ms - -[0m
[0mGET /public/css/bootstrap-theme.min.css [36m304 [0m0.927 ms - -[0m
[0mGET /public/css/codemirror.css [36m304 [0m1.178 ms - -[0m
[0mGET /public/css/bootstrap.min.css [36m304 [0m1.085 ms - -[0m
[0mGET /public/css/theme/rubyblue.css [36m304 [0m1.269 ms - -[0m
[0mGET /public/codemirror-1cf5d807764f361f5011.min.js [36m304 [0m0.605 ms - -[0m
[0mGET /public/vendor-0a6fcf9080162c2d93b6.min.js [36m304 [0m0.396 ms - -[0m
[0mGET /public/img/mongo-express-logo.png [36m304 [0m0.811 ms - -[0m
[0mGET /public/img/gears.gif [36m304 [0m0.644 ms - -[0m
[0mGET /public/collection-53df18a66d73c5cac5c3.min.js [36m304 [0m0.519 ms - -[0m
[0mGET /public/fonts/glyphicons-halflings-regular.woff2 [36m304 [0m0.348 ms - -[0m
[0mGET /db/pantheon/applicants?skip=10&key=&value=&type=&query=&projection= [36m304 [0m62.917 ms - -[0m
[0mGET /public/css/bootstrap-theme.min.css [36m304 [0m7.506 ms - -[0m
[0mGET /public/css/style.css [36m304 [0m7.877 ms - -[0m
[0mGET /public/css/theme/rubyblue.css [36m304 [0m7.809 ms - -[0m
[0mGET /public/css/codemirror.css [36m304 [0m5.684 ms - -[0m
[0mGET /public/css/bootstrap.min.css [36m304 [0m3.854 ms - -[0m
[0mGET /public/vendor-0a6fcf9080162c2d93b6.min.js [36m304 [0m0.526 ms - -[0m
[0mGET /public/codemirror-1cf5d807764f361f5011.min.js [36m304 [0m0.236 ms - -[0m
[0mGET /public/collection-53df18a66d73c5cac5c3.min.js [36m304 [0m0.154 ms - -[0m
[0mGET /public/img/mongo-express-logo.png [36m304 [0m0.874 ms - -[0m
[0mGET /public/img/gears.gif [36m304 [0m0.322 ms - -[0m
[0mGET /public/fonts/glyphicons-halflings-regular.woff2 [36m304 [0m0.189 ms - -[0m
[0mGET /db/pantheon/applicants?skip=20&key=&value=&type=&query=&projection= [36m304 [0m56.991 ms - -[0m
[0mGET /public/css/theme/rubyblue.css [36m304 [0m0.322 ms - -[0m
[0mGET /public/css/bootstrap-theme.min.css [36m304 [0m0.876 ms - -[0m
[0mGET /public/css/style.css [36m304 [0m2.551 ms - -[0m
[0mGET /public/css/bootstrap.min.css [36m304 [0m1.472 ms - -[0m
[0mGET /public/css/codemirror.css [36m304 [0m1.399 ms - -[0m
[0mGET /public/vendor-0a6fcf9080162c2d93b6.min.js [36m304 [0m0.257 ms - -[0m
[0mGET /public/img/gears.gif [36m304 [0m0.867 ms - -[0m
[0mGET /public/img/mongo-express-logo.png [36m304 [0m0.760 ms - -[0m
[0mGET /public/codemirror-1cf5d807764f361f5011.min.js [36m304 [0m0.846 ms - -[0m
[0mGET /public/collection-53df18a66d73c5cac5c3.min.js [36m304 [0m0.228 ms - -[0m
[0mGET /public/fonts/glyphicons-halflings-regular.woff2 [36m304 [0m1.408 ms - -[0m
[0mGET /db/pantheon/applicants?skip=30&key=&value=&type=&query=&projection= [32m200 [0m54.082 ms - 57346[0m
[0mGET /public/css/bootstrap.min.css [36m304 [0m0.273 ms - -[0m
[0mGET /public/css/bootstrap-theme.min.css [36m304 [0m0.213 ms - -[0m
[0mGET /public/css/theme/rubyblue.css [36m304 [0m0.216 ms - -[0m
[0mGET /public/css/codemirror.css [36m304 [0m0.527 ms - -[0m
[0mGET /public/css/style.css [36m304 [0m0.477 ms - -[0m
[0mGET /public/img/mongo-express-logo.png [36m304 [0m0.280 ms - -[0m
[0mGET /public/img/gears.gif [36m304 [0m0.451 ms - -[0m
[0mGET /public/collection-53df18a66d73c5cac5c3.min.js [36m304 [0m0.973 ms - -[0m
[0mGET /public/codemirror-1cf5d807764f361f5011.min.js [36m304 [0m1.075 ms - -[0m
[0mGET /public/vendor-0a6fcf9080162c2d93b6.min.js [36m304 [0m1.379 ms - -[0m
[0mGET /public/fonts/glyphicons-halflings-regular.woff2 [36m304 [0m0.258 ms - -[0m
[0mGET /db/pantheon/applicants?skip=40&key=&value=&type=&query=&projection= [32m200 [0m54.880 ms - 35186[0m
[0mGET /public/css/style.css [36m304 [0m2.154 ms - -[0m
[0mGET /public/css/codemirror.css [36m304 [0m2.204 ms - -[0m
[0mGET /public/css/bootstrap-theme.min.css [36m304 [0m2.217 ms - -[0m
[0mGET /public/css/bootstrap.min.css [36m304 [0m2.267 ms - -[0m
[0mGET /public/css/theme/rubyblue.css [36m304 [0m0.832 ms - -[0m
[0mGET /public/img/mongo-express-logo.png [36m304 [0m0.204 ms - -[0m
[0mGET /public/img/gears.gif [36m304 [0m0.247 ms - -[0m
[0mGET /public/vendor-0a6fcf9080162c2d93b6.min.js [36m304 [0m0.210 ms - -[0m
[0mGET /public/collection-53df18a66d73c5cac5c3.min.js [36m304 [0m0.625 ms - -[0m
[0mGET /public/codemirror-1cf5d807764f361f5011.min.js [36m304 [0m0.507 ms - -[0m
[0mGET /public/fonts/glyphicons-halflings-regular.woff2 [36m304 [0m0.230 ms - -[0m
[0mGET /db/pantheon/applicants?skip=30&key=&value=&type=&query=&projection= [36m304 [0m59.172 ms - -[0m
[0mGET /public/css/bootstrap-theme.min.css [36m304 [0m1.236 ms - -[0m
[0mGET /public/css/style.css [36m304 [0m0.987 ms - -[0m
[0mGET /public/css/bootstrap.min.css [36m304 [0m0.904 ms - -[0m
[0mGET /public/css/codemirror.css [36m304 [0m0.420 ms - -[0m
[0mGET /public/css/theme/rubyblue.css [36m304 [0m0.394 ms - -[0m
[0mGET /public/vendor-0a6fcf9080162c2d93b6.min.js [36m304 [0m0.572 ms - -[0m
[0mGET /public/collection-53df18a66d73c5cac5c3.min.js [36m304 [0m0.182 ms - -[0m
[0mGET /public/codemirror-1cf5d807764f361f5011.min.js [36m304 [0m0.588 ms - -[0m
[0mGET /public/img/mongo-express-logo.png [36m304 [0m0.455 ms - -[0m
[0mGET /public/img/gears.gif [36m304 [0m0.223 ms - -[0m
[0mGET /public/fonts/glyphicons-halflings-regular.woff2 [36m304 [0m0.212 ms - -[0m
[0mGET /db/pantheon/applicants/%252259ce89823280a16e65bb5c97%2522 [32m200 [0m18.556 ms - 6479[0m
[0mGET /public/css/style.css [36m304 [0m1.432 ms - -[0m
[0mGET /public/css/bootstrap.min.css [36m304 [0m1.343 ms - -[0m
[0mGET /public/css/bootstrap-theme.min.css [36m304 [0m1.257 ms - -[0m
[0mGET /public/css/codemirror.css [36m304 [0m0.248 ms - -[0m
[0mGET /public/css/theme/rubyblue.css [36m304 [0m0.313 ms - -[0m
[0mGET /public/codemirror-1cf5d807764f361f5011.min.js [36m304 [0m0.337 ms - -[0m
[0mGET /public/vendor-0a6fcf9080162c2d93b6.min.js [36m304 [0m0.242 ms - -[0m
[0mGET /public/document-a23d7614559f854746f3.min.js [36m304 [0m1.034 ms - -[0m
[0mGET /public/img/gears.gif [36m304 [0m1.789 ms - -[0m
[0mGET /public/img/mongo-express-logo.png [36m304 [0m0.569 ms - -[0m
[0mGET /public/fonts/glyphicons-halflings-regular.woff2 [36m304 [0m0.259 ms - -[0m
[0mPOST /checkValid [32m200 [0m6.918 ms - 5[0m
[0mPUT /db/pantheon/applicants/%2259ce89823280a16e65bb5c97%22 [36m302 [0m7.570 ms - 90[0m
[0mGET /db/pantheon/applicants [36m304 [0m55.337 ms - -[0m
[0mGET /public/css/theme/rubyblue.css [36m304 [0m0.237 ms - -[0m
[0mGET /public/css/codemirror.css [36m304 [0m0.190 ms - -[0m
[0mGET /public/css/bootstrap.min.css [36m304 [0m0.369 ms - -[0m
[0mGET /public/css/style.css [36m304 [0m0.336 ms - -[0m
[0mGET /public/css/bootstrap-theme.min.css [36m304 [0m0.227 ms - -[0m
[0mGET /public/vendor-0a6fcf9080162c2d93b6.min.js [36m304 [0m0.177 ms - -[0m
[0mGET /public/codemirror-1cf5d807764f361f5011.min.js [36m304 [0m0.211 ms - -[0m
[0mGET /public/img/gears.gif [36m304 [0m0.188 ms - -[0m
[0mGET /public/img/mongo-express-logo.png [36m304 [0m0.169 ms - -[0m
[0mGET /public/collection-53df18a66d73c5cac5c3.min.js [36m304 [0m0.244 ms - -[0m
[0mGET /public/fonts/glyphicons-halflings-regular.woff2 [36m304 [0m0.736 ms - -[0m
[0mGET /db/pantheon/applicants/%252259cd5b1f7ad4dcb623d2a052%2522 [32m200 [0m12.430 ms - 6460[0m
[0mGET /public/css/bootstrap.min.css [36m304 [0m0.241 ms - -[0m
[0mGET /public/css/style.css [36m304 [0m0.444 ms - -[0m
[0mGET /public/css/bootstrap-theme.min.css [36m304 [0m0.393 ms - -[0m
[0mGET /public/css/theme/rubyblue.css [36m304 [0m1.373 ms - -[0m
[0mGET /public/css/codemirror.css [36m304 [0m0.407 ms - -[0m
[0mGET /public/vendor-0a6fcf9080162c2d93b6.min.js [36m304 [0m0.290 ms - -[0m
[0mGET /public/img/gears.gif [36m304 [0m1.392 ms - -[0m
[0mGET /public/document-a23d7614559f854746f3.min.js [36m304 [0m0.928 ms - -[0m
[0mGET /public/img/mongo-express-logo.png [36m304 [0m0.949 ms - -[0m
[0mGET /public/codemirror-1cf5d807764f361f5011.min.js [36m304 [0m0.924 ms - -[0m
[0mGET /public/fonts/glyphicons-halflings-regular.woff2 [36m304 [0m0.257 ms - -[0m
[0mGET / [32m200 [0m12.259 ms - 5718[0m
[0mGET /public/css/bootstrap-theme.min.css [32m200 [0m2.180 ms - 23409[0m
[0mGET /public/css/style.css [32m200 [0m0.557 ms - 1838[0m
[0mGET /public/img/mongo-express-logo.png [32m200 [0m0.365 ms - 17847[0m
[0mGET /public/css/bootstrap.min.css [32m200 [0m0.678 ms - 121200[0m
[0mGET /public/vendor-0a6fcf9080162c2d93b6.min.js [32m200 [0m0.368 ms - 125889[0m
[0mGET /public/index-0262e7f200ea894350ff.min.js [32m200 [0m0.833 ms - 1045[0m
[0mGET /public/fonts/glyphicons-halflings-regular.woff2 [32m200 [0m0.534 ms - 18028[0m
[0mGET /public/img/gears.gif [32m200 [0m0.914 ms - 50281[0m
[0mGET /db/pantheon/ [32m200 [0m18.301 ms - 10737[0m
[0mGET /public/css/bootstrap-theme.min.css [36m304 [0m1.114 ms - -[0m
[0mGET /public/css/style.css [36m304 [0m0.949 ms - -[0m
[0mGET /public/css/bootstrap.min.css [36m304 [0m0.255 ms - -[0m
[0mGET /public/img/mongo-express-logo.png [36m304 [0m0.429 ms - -[0m
[0mGET /public/database-a2a6263b2862ba8966c0.min.js [32m200 [0m1.445 ms - 1101[0m
[0mGET /public/vendor-0a6fcf9080162c2d93b6.min.js [36m304 [0m0.587 ms - -[0m
[0mGET /public/fonts/glyphicons-halflings-regular.woff2 [36m304 [0m1.119 ms - -[0m
[0mGET /public/img/gears.gif [36m304 [0m0.272 ms - -[0m
[0mGET /db/pantheon/applicants [32m200 [0m59.535 ms - 57118[0m
[0mGET /public/css/style.css [36m304 [0m0.472 ms - -[0m
[0mGET /public/css/theme/rubyblue.css [32m200 [0m0.668 ms - 1772[0m
[0mGET /public/css/codemirror.css [32m200 [0m0.856 ms - 8217[0m
[0mGET /public/css/bootstrap.min.css [36m304 [0m1.202 ms - -[0m
[0mGET /public/css/bootstrap-theme.min.css [36m304 [0m0.325 ms - -[0m
[0mGET /public/vendor-0a6fcf9080162c2d93b6.min.js [36m304 [0m0.271 ms - -[0m
[0mGET /public/collection-53df18a66d73c5cac5c3.min.js [32m200 [0m0.364 ms - 9432[0m
[0mGET /public/img/gears.gif [36m304 [0m0.499 ms - -[0m
[0mGET /public/img/mongo-express-logo.png [36m304 [0m0.475 ms - -[0m
[0mGET /public/fonts/glyphicons-halflings-regular.woff2 [36m304 [0m0.195 ms - -[0m
[0mGET /public/codemirror-1cf5d807764f361f5011.min.js [32m200 [0m0.666 ms - 175943[0m
[0mGET /db/pantheon/applicants?skip=20&key=&value=&type=&query=&projection= [32m200 [0m60.884 ms - 57529[0m
[0mGET /public/css/bootstrap.min.css [36m304 [0m1.417 ms - -[0m
[0mGET /public/css/codemirror.css [36m304 [0m1.101 ms - -[0m
[0mGET /public/css/style.css [36m304 [0m0.993 ms - -[0m
[0mGET /public/css/bootstrap-theme.min.css [36m304 [0m0.298 ms - -[0m
[0mGET /public/css/theme/rubyblue.css [36m304 [0m0.280 ms - -[0m
[0mGET /public/img/gears.gif [36m304 [0m0.278 ms - -[0m
[0mGET /public/img/mongo-express-logo.png [36m304 [0m0.271 ms - -[0m
[0mGET /public/fonts/glyphicons-halflings-regular.woff2 [36m304 [0m0.330 ms - -[0m
[0mGET /public/codemirror-1cf5d807764f361f5011.min.js [36m304 [0m3.061 ms - -[0m
[0mGET /public/vendor-0a6fcf9080162c2d93b6.min.js [36m304 [0m0.260 ms - -[0m
[0mGET /public/collection-53df18a66d73c5cac5c3.min.js [36m304 [0m0.233 ms - -[0m
[0mGET /db/pantheon/applicants?skip=40&key=&value=&type=&query=&projection= [32m200 [0m53.782 ms - 35186[0m
[0mGET /public/css/style.css [36m304 [0m1.106 ms - -[0m
[0mGET /public/css/theme/rubyblue.css [36m304 [0m1.277 ms - -[0m
[0mGET /public/css/bootstrap-theme.min.css [36m304 [0m2.639 ms - -[0m
[0mGET /public/css/codemirror.css [36m304 [0m0.181 ms - -[0m
[0mGET /public/css/bootstrap.min.css [36m304 [0m0.881 ms - -[0m
[0mGET /public/img/gears.gif [36m304 [0m0.188 ms - -[0m
[0mGET /public/fonts/glyphicons-halflings-regular.woff2 [36m304 [0m0.539 ms - -[0m
[0mGET /public/img/mongo-express-logo.png [36m304 [0m0.371 ms - -[0m
[0mGET /public/codemirror-1cf5d807764f361f5011.min.js [36m304 [0m0.191 ms - -[0m
[0mGET /public/collection-53df18a66d73c5cac5c3.min.js [36m304 [0m0.194 ms - -[0m
[0mGET /public/vendor-0a6fcf9080162c2d93b6.min.js [36m304 [0m0.171 ms - -[0m
[0mPOST /checkValid [32m200 [0m8.989 ms - 5[0m
[0mPUT /db/pantheon/applicants/%2259cd5b1f7ad4dcb623d2a052%22 [36m302 [0m12.701 ms - 90[0m
[0mGET /db/pantheon/applicants [32m200 [0m64.333 ms - 57291[0m
[0mGET /public/css/bootstrap.min.css [36m304 [0m0.629 ms - -[0m
[0mGET /public/css/bootstrap-theme.min.css [36m304 [0m2.284 ms - -[0m
[0mGET /public/css/style.css [36m304 [0m2.167 ms - -[0m
[0mGET /public/css/codemirror.css [36m304 [0m0.432 ms - -[0m
[0mGET /public/css/theme/rubyblue.css [36m304 [0m0.421 ms - -[0m
[0mGET /public/img/mongo-express-logo.png [36m304 [0m0.767 ms - -[0m
[0mGET /public/img/gears.gif [36m304 [0m0.558 ms - -[0m
[0mGET /public/collection-53df18a66d73c5cac5c3.min.js [36m304 [0m0.485 ms - -[0m
[0mGET /public/codemirror-1cf5d807764f361f5011.min.js [36m304 [0m0.461 ms - -[0m
[0mGET /public/vendor-0a6fcf9080162c2d93b6.min.js [36m304 [0m0.230 ms - -[0m
[0mGET /public/fonts/glyphicons-halflings-regular.woff2 [36m304 [0m0.441 ms - -[0m
[0mGET /db/pantheon/applicants/%252259cd5b1f7ad4dcb623d2a052%2522 [32m200 [0m13.617 ms - 6467[0m
[0mGET /public/css/bootstrap-theme.min.css [36m304 [0m0.524 ms - -[0m
[0mGET /public/css/bootstrap.min.css [36m304 [0m0.457 ms - -[0m
[0mGET /public/css/style.css [36m304 [0m0.384 ms - -[0m
[0mGET /public/css/codemirror.css [36m304 [0m0.907 ms - -[0m
[0mGET /public/css/theme/rubyblue.css [36m304 [0m0.255 ms - -[0m
[0mGET /public/vendor-0a6fcf9080162c2d93b6.min.js [36m304 [0m0.205 ms - -[0m
[0mGET /public/codemirror-1cf5d807764f361f5011.min.js [36m304 [0m0.261 ms - -[0m
[0mGET /public/img/gears.gif [36m304 [0m0.677 ms - -[0m
[0mGET /public/img/mongo-express-logo.png [36m304 [0m0.699 ms - -[0m
[0mGET /public/document-a23d7614559f854746f3.min.js [36m304 [0m0.677 ms - -[0m
[0mGET /public/fonts/glyphicons-halflings-regular.woff2 [36m304 [0m0.228 ms - -[0m
[0mPOST /checkValid [32m200 [0m2.429 ms - 5[0m
[0mPUT /db/pantheon/applicants/%2259cd5b1f7ad4dcb623d2a052%22 [36m302 [0m4.677 ms - 90[0m
[0mGET /db/pantheon/applicants [32m200 [0m56.161 ms - 57302[0m
[0mGET /public/css/bootstrap-theme.min.css [36m304 [0m1.278 ms - -[0m
[0mGET /public/css/theme/rubyblue.css [36m304 [0m0.603 ms - -[0m
[0mGET /public/css/style.css [36m304 [0m0.715 ms - -[0m
[0mGET /public/css/bootstrap.min.css [36m304 [0m0.635 ms - -[0m
[0mGET /public/css/codemirror.css [36m304 [0m0.628 ms - -[0m
[0mGET /public/img/gears.gif [36m304 [0m0.193 ms - -[0m
[0mGET /public/img/mongo-express-logo.png [36m304 [0m0.255 ms - -[0m
[0mGET /public/fonts/glyphicons-halflings-regular.woff2 [36m304 [0m0.209 ms - -[0m
[0mGET /public/codemirror-1cf5d807764f361f5011.min.js [36m304 [0m0.234 ms - -[0m
[0mGET /public/vendor-0a6fcf9080162c2d93b6.min.js [36m304 [0m0.962 ms - -[0m
[0mGET /public/collection-53df18a66d73c5cac5c3.min.js [36m304 [0m0.609 ms - -[0m
[0mGET /db/pantheon/applicants/%252259ce5f143280a16e65bb5c4f%2522 [32m200 [0m12.147 ms - 6470[0m
[0mGET /public/css/bootstrap-theme.min.css [36m304 [0m1.357 ms - -[0m
[0mGET /public/css/bootstrap.min.css [36m304 [0m0.639 ms - -[0m
[0mGET /public/css/style.css [36m304 [0m0.631 ms - -[0m
[0mGET /public/css/theme/rubyblue.css [36m304 [0m0.459 ms - -[0m
[0mGET /public/css/codemirror.css [36m304 [0m0.841 ms - -[0m
[0mGET /public/vendor-0a6fcf9080162c2d93b6.min.js [36m304 [0m0.600 ms - -[0m
[0mGET /public/codemirror-1cf5d807764f361f5011.min.js [36m304 [0m0.241 ms - -[0m
[0mGET /public/img/mongo-express-logo.png [36m304 [0m0.216 ms - -[0m
[0mGET /public/document-a23d7614559f854746f3.min.js [36m304 [0m0.211 ms - -[0m
[0mGET /public/img/gears.gif [36m304 [0m0.176 ms - -[0m
[0mGET /public/fonts/glyphicons-halflings-regular.woff2 [36m304 [0m0.295 ms - -[0m
[0mPOST /checkValid [32m200 [0m2.213 ms - 5[0m
[0mPUT /db/pantheon/applicants/%2259ce5f143280a16e65bb5c4f%22 [36m302 [0m3.375 ms - 90[0m
[0mGET /db/pantheon/applicants [32m200 [0m150.123 ms - 57302[0m
[0mGET /public/css/bootstrap.min.css [36m304 [0m0.369 ms - -[0m
[0mGET /public/css/style.css [36m304 [0m0.385 ms - -[0m
[0mGET /public/css/codemirror.css [36m304 [0m0.384 ms - -[0m
[0mGET /public/css/theme/rubyblue.css [36m304 [0m0.405 ms - -[0m
[0mGET /public/css/bootstrap-theme.min.css [36m304 [0m2.319 ms - -[0m
[0mGET /public/img/mongo-express-logo.png [36m304 [0m0.281 ms - -[0m
[0mGET /public/img/gears.gif [36m304 [0m0.355 ms - -[0m
[0mGET /public/fonts/glyphicons-halflings-regular.woff2 [36m304 [0m0.210 ms - -[0m
[0mGET /public/vendor-0a6fcf9080162c2d93b6.min.js [36m304 [0m0.197 ms - -[0m
[0mGET /public/codemirror-1cf5d807764f361f5011.min.js [36m304 [0m0.185 ms - -[0m
[0mGET /public/collection-53df18a66d73c5cac5c3.min.js [36m304 [0m0.212 ms - -[0m
[0mGET /db/pantheon/applicants?skip=10&key=&value=&type=&query=&projection= [32m200 [0m66.185 ms - 57439[0m
[0mGET /public/css/codemirror.css [36m304 [0m2.193 ms - -[0m
[0mGET /public/css/bootstrap.min.css [36m304 [0m1.591 ms - -[0m
[0mGET /public/css/theme/rubyblue.css [36m304 [0m2.388 ms - -[0m
[0mGET /public/css/style.css [36m304 [0m2.356 ms - -[0m
[0mGET /public/css/bootstrap-theme.min.css [36m304 [0m2.265 ms - -[0m
[0mGET /public/img/mongo-express-logo.png [36m304 [0m0.447 ms - -[0m
[0mGET /public/img/gears.gif [36m304 [0m0.394 ms - -[0m
[0mGET /public/codemirror-1cf5d807764f361f5011.min.js [36m304 [0m0.234 ms - -[0m
[0mGET /public/vendor-0a6fcf9080162c2d93b6.min.js [36m304 [0m0.167 ms - -[0m
[0mGET /public/collection-53df18a66d73c5cac5c3.min.js [36m304 [0m0.193 ms - -[0m
[0mGET /public/fonts/glyphicons-halflings-regular.woff2 [36m304 [0m0.877 ms - -[0m
[0mGET /db/pantheon/applicants?skip=20&key=&value=&type=&query=&projection= [32m200 [0m58.436 ms - 57529[0m
[0mGET /public/css/style.css [36m304 [0m1.122 ms - -[0m
[0mGET /public/css/bootstrap.min.css [36m304 [0m1.002 ms - -[0m
[0mGET /public/css/bootstrap-theme.min.css [36m304 [0m0.935 ms - -[0m
[0mGET /public/css/theme/rubyblue.css [36m304 [0m1.166 ms - -[0m
[0mGET /public/css/codemirror.css [36m304 [0m0.457 ms - -[0m
[0mGET /public/img/gears.gif [36m304 [0m0.446 ms - -[0m
[0mGET /public/img/mongo-express-logo.png [36m304 [0m0.414 ms - -[0m
[0mGET /public/fonts/glyphicons-halflings-regular.woff2 [36m304 [0m0.561 ms - -[0m
[0mGET /public/vendor-0a6fcf9080162c2d93b6.min.js [36m304 [0m0.187 ms - -[0m
[0mGET /public/codemirror-1cf5d807764f361f5011.min.js [36m304 [0m0.172 ms - -[0m
[0mGET /public/collection-53df18a66d73c5cac5c3.min.js [36m304 [0m0.183 ms - -[0m
[0mGET /db/pantheon/applicants/%252259ce6fb23280a16e65bb5c77%2522 [32m200 [0m12.630 ms - 6483[0m
[0mGET /public/css/bootstrap-theme.min.css [36m304 [0m0.480 ms - -[0m
[0mGET /public/css/style.css [36m304 [0m0.475 ms - -[0m
[0mGET /public/css/bootstrap.min.css [36m304 [0m0.611 ms - -[0m
[0mGET /public/css/codemirror.css [36m304 [0m0.563 ms - -[0m
[0mGET /public/css/theme/rubyblue.css [36m304 [0m0.525 ms - -[0m
[0mGET /public/img/mongo-express-logo.png [36m304 [0m0.373 ms - -[0m
[0mGET /public/img/gears.gif [36m304 [0m0.814 ms - -[0m
[0mGET /public/document-a23d7614559f854746f3.min.js [36m304 [0m0.188 ms - -[0m
[0mGET /public/vendor-0a6fcf9080162c2d93b6.min.js [36m304 [0m0.395 ms - -[0m
[0mGET /public/codemirror-1cf5d807764f361f5011.min.js [36m304 [0m0.361 ms - -[0m
[0mGET /public/fonts/glyphicons-halflings-regular.woff2 [36m304 [0m0.242 ms - -[0m
[0mPOST /checkValid [32m200 [0m3.515 ms - 5[0m
[0mPUT /db/pantheon/applicants/%2259ce6fb23280a16e65bb5c77%22 [36m302 [0m5.361 ms - 90[0m
[0mGET /db/pantheon/applicants [36m304 [0m51.406 ms - -[0m
[0mGET /public/css/codemirror.css [36m304 [0m1.735 ms - -[0m
[0mGET /public/css/bootstrap.min.css [36m304 [0m1.970 ms - -[0m
[0mGET /public/css/style.css [36m304 [0m1.403 ms - -[0m
[0mGET /public/css/bootstrap-theme.min.css [36m304 [0m0.216 ms - -[0m
[0mGET /public/css/theme/rubyblue.css [36m304 [0m0.200 ms - -[0m
[0mGET /public/vendor-0a6fcf9080162c2d93b6.min.js [36m304 [0m0.243 ms - -[0m
[0mGET /public/img/gears.gif [36m304 [0m0.544 ms - -[0m
[0mGET /public/img/mongo-express-logo.png [36m304 [0m0.427 ms - -[0m
[0mGET /public/collection-53df18a66d73c5cac5c3.min.js [36m304 [0m0.197 ms - -[0m
[0mGET /public/codemirror-1cf5d807764f361f5011.min.js [36m304 [0m0.210 ms - -[0m
[0mGET /public/fonts/glyphicons-halflings-regular.woff2 [36m304 [0m0.255 ms - -[0m
[0mGET /db/pantheon/applicants?skip=10&key=&value=&type=&query=&projection= [36m304 [0m46.862 ms - -[0m
[0mGET /public/css/style.css [36m304 [0m0.297 ms - -[0m
[0mGET /public/css/bootstrap.min.css [36m304 [0m0.196 ms - -[0m
[0mGET /public/css/bootstrap-theme.min.css [36m304 [0m0.179 ms - -[0m
[0mGET /public/css/codemirror.css [36m304 [0m0.813 ms - -[0m
[0mGET /public/css/theme/rubyblue.css [36m304 [0m0.381 ms - -[0m
[0mGET /public/vendor-0a6fcf9080162c2d93b6.min.js [36m304 [0m1.553 ms - -[0m
[0mGET /public/collection-53df18a66d73c5cac5c3.min.js [36m304 [0m0.317 ms - -[0m
[0mGET /public/codemirror-1cf5d807764f361f5011.min.js [36m304 [0m0.228 ms - -[0m
[0mGET /public/img/mongo-express-logo.png [36m304 [0m0.968 ms - -[0m
[0mGET /public/img/gears.gif [36m304 [0m0.407 ms - -[0m
[0mGET /public/fonts/glyphicons-halflings-regular.woff2 [36m304 [0m0.239 ms - -[0m
[0mGET /db/pantheon/applicants?skip=20&key=&value=&type=&query=&projection= [32m200 [0m48.431 ms - 57527[0m
[0mGET /public/css/codemirror.css [36m304 [0m0.573 ms - -[0m
[0mGET /public/css/style.css [36m304 [0m0.535 ms - -[0m
[0mGET /public/css/theme/rubyblue.css [36m304 [0m1.550 ms - -[0m
[0mGET /public/css/bootstrap.min.css [36m304 [0m0.885 ms - -[0m
[0mGET /public/css/bootstrap-theme.min.css [36m304 [0m0.957 ms - -[0m
[0mGET /public/img/mongo-express-logo.png [36m304 [0m0.299 ms - -[0m
[0mGET /public/img/gears.gif [36m304 [0m0.205 ms - -[0m
[0mGET /public/collection-53df18a66d73c5cac5c3.min.js [36m304 [0m0.444 ms - -[0m
[0mGET /public/vendor-0a6fcf9080162c2d93b6.min.js [36m304 [0m0.406 ms - -[0m
[0mGET /public/codemirror-1cf5d807764f361f5011.min.js [36m304 [0m0.172 ms - -[0m
[0mGET /public/fonts/glyphicons-halflings-regular.woff2 [36m304 [0m0.209 ms - -[0m
[0mGET /db/pantheon/applicants?skip=30&key=&value=&type=&query=&projection= [32m200 [0m78.933 ms - 57346[0m
[0mGET /public/css/bootstrap.min.css [36m304 [0m0.895 ms - -[0m
[0mGET /public/css/theme/rubyblue.css [36m304 [0m1.430 ms - -[0m
[0mGET /public/css/codemirror.css [36m304 [0m1.441 ms - -[0m
[0mGET /public/css/bootstrap-theme.min.css [36m304 [0m2.050 ms - -[0m
[0mGET /public/css/style.css [36m304 [0m2.073 ms - -[0m
[0mGET /public/img/mongo-express-logo.png [36m304 [0m0.489 ms - -[0m
[0mGET /public/img/gears.gif [36m304 [0m0.346 ms - -[0m
[0mGET /public/collection-53df18a66d73c5cac5c3.min.js [36m304 [0m0.388 ms - -[0m
[0mGET /public/vendor-0a6fcf9080162c2d93b6.min.js [36m304 [0m0.197 ms - -[0m
[0mGET /public/codemirror-1cf5d807764f361f5011.min.js [36m304 [0m0.253 ms - -[0m
[0mGET /public/fonts/glyphicons-halflings-regular.woff2 [36m304 [0m0.210 ms - -[0m
[0mGET /db/pantheon/applicants/%252259ce86783280a16e65bb5c8d%2522 [32m200 [0m15.080 ms - 6470[0m
[0mGET /public/css/codemirror.css [36m304 [0m1.320 ms - -[0m
[0mGET /public/css/style.css [36m304 [0m1.158 ms - -[0m
[0mGET /public/css/bootstrap.min.css [36m304 [0m1.074 ms - -[0m
[0mGET /public/css/bootstrap-theme.min.css [36m304 [0m1.027 ms - -[0m
[0mGET /public/css/theme/rubyblue.css [36m304 [0m0.175 ms - -[0m
[0mGET /public/vendor-0a6fcf9080162c2d93b6.min.js [36m304 [0m0.215 ms - -[0m
[0mGET /public/document-a23d7614559f854746f3.min.js [36m304 [0m0.480 ms - -[0m
[0mGET /public/img/mongo-express-logo.png [36m304 [0m0.417 ms - -[0m
[0mGET /public/codemirror-1cf5d807764f361f5011.min.js [36m304 [0m0.184 ms - -[0m
[0mGET /public/img/gears.gif [36m304 [0m0.203 ms - -[0m
[0mGET /public/fonts/glyphicons-halflings-regular.woff2 [36m304 [0m0.211 ms - -[0m
[0mPOST /checkValid [32m200 [0m3.759 ms - 5[0m
[0mPUT /db/pantheon/applicants/%2259ce86783280a16e65bb5c8d%22 [36m302 [0m4.341 ms - 90[0m
[0mGET /db/pantheon/applicants [36m304 [0m51.113 ms - -[0m
[0mGET /public/css/theme/rubyblue.css [36m304 [0m0.598 ms - -[0m
[0mGET /public/css/bootstrap-theme.min.css [36m304 [0m0.496 ms - -[0m
[0mGET /public/css/style.css [36m304 [0m0.607 ms - -[0m
[0mGET /public/css/codemirror.css [36m304 [0m0.568 ms - -[0m
[0mGET /public/css/bootstrap.min.css [36m304 [0m0.520 ms - -[0m
[0mGET /public/vendor-0a6fcf9080162c2d93b6.min.js [36m304 [0m0.182 ms - -[0m
[0mGET /public/img/gears.gif [36m304 [0m0.447 ms - -[0m
[0mGET /public/img/mongo-express-logo.png [36m304 [0m0.407 ms - -[0m
[0mGET /public/codemirror-1cf5d807764f361f5011.min.js [36m304 [0m0.398 ms - -[0m
[0mGET /public/collection-53df18a66d73c5cac5c3.min.js [36m304 [0m0.340 ms - -[0m
[0mGET /public/fonts/glyphicons-halflings-regular.woff2 [36m304 [0m0.239 ms - -[0m
[0mGET /db/pantheon/applicants?skip=10&key=&value=&type=&query=&projection= [36m304 [0m50.049 ms - -[0m
[0mGET /public/css/bootstrap.min.css [36m304 [0m0.578 ms - -[0m
[0mGET /public/css/bootstrap-theme.min.css [36m304 [0m0.557 ms - -[0m
[0mGET /public/css/codemirror.css [36m304 [0m1.976 ms - -[0m
[0mGET /public/css/style.css [36m304 [0m0.478 ms - -[0m
[0mGET /public/css/theme/rubyblue.css [36m304 [0m0.223 ms - -[0m
[0mGET /public/collection-53df18a66d73c5cac5c3.min.js [36m304 [0m1.400 ms - -[0m
[0mGET /public/img/mongo-express-logo.png [36m304 [0m1.331 ms - -[0m
[0mGET /public/vendor-0a6fcf9080162c2d93b6.min.js [36m304 [0m1.160 ms - -[0m
[0mGET /public/img/gears.gif [36m304 [0m1.047 ms - -[0m
[0mGET /public/codemirror-1cf5d807764f361f5011.min.js [36m304 [0m0.210 ms - -[0m
[0mGET /public/fonts/glyphicons-halflings-regular.woff2 [36m304 [0m0.214 ms - -[0m
[0mGET /db/pantheon/applicants?skip=20&key=&value=&type=&query=&projection= [36m304 [0m45.375 ms - -[0m
[0mGET /public/css/bootstrap.min.css [36m304 [0m0.241 ms - -[0m
[0mGET /public/css/bootstrap-theme.min.css [36m304 [0m0.228 ms - -[0m
[0mGET /public/css/theme/rubyblue.css [36m304 [0m1.578 ms - -[0m
[0mGET /public/css/codemirror.css [36m304 [0m1.321 ms - -[0m
[0mGET /public/css/style.css [36m304 [0m1.304 ms - -[0m
[0mGET /public/vendor-0a6fcf9080162c2d93b6.min.js [36m304 [0m0.189 ms - -[0m
[0mGET /public/img/mongo-express-logo.png [36m304 [0m1.308 ms - -[0m
[0mGET /public/collection-53df18a66d73c5cac5c3.min.js [36m304 [0m1.134 ms - -[0m
[0mGET /public/img/gears.gif [36m304 [0m1.302 ms - -[0m
[0mGET /public/codemirror-1cf5d807764f361f5011.min.js [36m304 [0m0.930 ms - -[0m
[0mGET /public/fonts/glyphicons-halflings-regular.woff2 [36m304 [0m0.198 ms - -[0m
[0mGET /db/pantheon/applicants?skip=30&key=&value=&type=&query=&projection= [32m200 [0m52.950 ms - 57344[0m
[0mGET /public/css/codemirror.css [36m304 [0m0.701 ms - -[0m
[0mGET /public/css/bootstrap-theme.min.css [36m304 [0m0.687 ms - -[0m
[0mGET /public/css/bootstrap.min.css [36m304 [0m0.478 ms - -[0m
[0mGET /public/css/theme/rubyblue.css [36m304 [0m0.449 ms - -[0m
[0mGET /public/css/style.css [36m304 [0m0.957 ms - -[0m
[0mGET /public/img/gears.gif [36m304 [0m0.284 ms - -[0m
[0mGET /public/img/mongo-express-logo.png [36m304 [0m0.190 ms - -[0m
[0mGET /public/collection-53df18a66d73c5cac5c3.min.js [36m304 [0m0.242 ms - -[0m
[0mGET /public/vendor-0a6fcf9080162c2d93b6.min.js [36m304 [0m0.517 ms - -[0m
[0mGET /public/codemirror-1cf5d807764f361f5011.min.js [36m304 [0m1.345 ms - -[0m
[0mGET /public/fonts/glyphicons-halflings-regular.woff2 [36m304 [0m1.158 ms - -[0m
[0mGET /db/pantheon/applicants/%252259ce868b3280a16e65bb5c8f%2522 [32m200 [0m13.916 ms - 6466[0m
[0mGET /public/css/style.css [36m304 [0m0.891 ms - -[0m
[0mGET /public/css/bootstrap-theme.min.css [36m304 [0m0.785 ms - -[0m
[0mGET /public/css/bootstrap.min.css [36m304 [0m0.667 ms - -[0m
[0mGET /public/css/theme/rubyblue.css [36m304 [0m0.202 ms - -[0m
[0mGET /public/css/codemirror.css [36m304 [0m0.149 ms - -[0m
[0mGET /public/codemirror-1cf5d807764f361f5011.min.js [36m304 [0m0.451 ms - -[0m
[0mGET /public/vendor-0a6fcf9080162c2d93b6.min.js [36m304 [0m0.419 ms - -[0m
[0mGET /public/img/gears.gif [36m304 [0m0.608 ms - -[0m
[0mGET /public/document-a23d7614559f854746f3.min.js [36m304 [0m0.559 ms - -[0m
[0mGET /public/img/mongo-express-logo.png [36m304 [0m0.555 ms - -[0m
[0mGET /public/fonts/glyphicons-halflings-regular.woff2 [36m304 [0m0.208 ms - -[0m
[0mPOST /checkValid [32m200 [0m11.816 ms - 5[0m
[0mPUT /db/pantheon/applicants/%2259ce868b3280a16e65bb5c8f%22 [36m302 [0m5.077 ms - 90[0m
[0mGET /db/pantheon/applicants [36m304 [0m50.388 ms - -[0m
[0mGET /public/css/style.css [36m304 [0m0.586 ms - -[0m
[0mGET /public/css/bootstrap-theme.min.css [36m304 [0m0.707 ms - -[0m
[0mGET /public/css/bootstrap.min.css [36m304 [0m0.398 ms - -[0m
[0mGET /public/css/codemirror.css [36m304 [0m0.565 ms - -[0m
[0mGET /public/css/theme/rubyblue.css [36m304 [0m0.212 ms - -[0m
[0mGET /public/vendor-0a6fcf9080162c2d93b6.min.js [36m304 [0m0.281 ms - -[0m
[0mGET /public/codemirror-1cf5d807764f361f5011.min.js [36m304 [0m0.465 ms - -[0m
[0mGET /public/collection-53df18a66d73c5cac5c3.min.js [36m304 [0m0.426 ms - -[0m
[0mGET /public/img/gears.gif [36m304 [0m0.189 ms - -[0m
[0mGET /public/img/mongo-express-logo.png [36m304 [0m0.321 ms - -[0m
[0mGET /public/fonts/glyphicons-halflings-regular.woff2 [36m304 [0m0.608 ms - -[0m
[0mGET /db/pantheon/applicants?key=verified&value=true&type=S [32m200 [0m42.497 ms - 16251[0m
[0mGET /public/css/bootstrap.min.css [36m304 [0m0.470 ms - -[0m
[0mGET /public/css/codemirror.css [36m304 [0m0.390 ms - -[0m
[0mGET /public/css/style.css [36m304 [0m0.332 ms - -[0m
[0mGET /public/css/bootstrap-theme.min.css [36m304 [0m0.191 ms - -[0m
[0mGET /public/css/theme/rubyblue.css [36m304 [0m0.253 ms - -[0m
[0mGET /public/vendor-0a6fcf9080162c2d93b6.min.js [36m304 [0m0.367 ms - -[0m
[0mGET /public/codemirror-1cf5d807764f361f5011.min.js [36m304 [0m0.200 ms - -[0m
[0mGET /public/img/mongo-express-logo.png [36m304 [0m0.404 ms - -[0m
[0mGET /public/collection-53df18a66d73c5cac5c3.min.js [36m304 [0m0.325 ms - -[0m
[0mGET /public/img/gears.gif [36m304 [0m0.217 ms - -[0m
[0mGET /public/fonts/glyphicons-halflings-regular.woff2 [36m304 [0m0.230 ms - -[0m
[0mGET /db/pantheon/applicants?key=verified&value=true&type=J [32m200 [0m48.216 ms - 16251[0m
[0mGET /public/css/bootstrap-theme.min.css [36m304 [0m0.795 ms - -[0m
[0mGET /public/css/bootstrap.min.css [36m304 [0m0.800 ms - -[0m
[0mGET /public/css/theme/rubyblue.css [36m304 [0m0.861 ms - -[0m
[0mGET /public/css/style.css [36m304 [0m0.500 ms - -[0m
[0mGET /public/css/codemirror.css [36m304 [0m0.431 ms - -[0m
[0mGET /public/vendor-0a6fcf9080162c2d93b6.min.js [36m304 [0m0.247 ms - -[0m
[0mGET /public/img/gears.gif [36m304 [0m0.489 ms - -[0m
[0mGET /public/img/mongo-express-logo.png [36m304 [0m0.497 ms - -[0m
[0mGET /public/collection-53df18a66d73c5cac5c3.min.js [36m304 [0m0.522 ms - -[0m
[0mGET /public/codemirror-1cf5d807764f361f5011.min.js [36m304 [0m0.587 ms - -[0m
[0mGET /public/fonts/glyphicons-halflings-regular.woff2 [36m304 [0m0.258 ms - -[0m
[0mGET /db/pantheon/applicants?key=verified&value=&type=J [32m200 [0m49.884 ms - 57297[0m
[0mGET /public/css/theme/rubyblue.css [36m304 [0m0.708 ms - -[0m
[0mGET /public/css/style.css [36m304 [0m0.654 ms - -[0m
[0mGET /public/css/bootstrap-theme.min.css [36m304 [0m1.008 ms - -[0m
[0mGET /public/css/bootstrap.min.css [36m304 [0m0.695 ms - -[0m
[0mGET /public/css/codemirror.css [36m304 [0m0.616 ms - -[0m
[0mGET /public/img/mongo-express-logo.png [36m304 [0m0.195 ms - -[0m
[0mGET /public/img/gears.gif [36m304 [0m0.209 ms - -[0m
[0mGET /public/codemirror-1cf5d807764f361f5011.min.js [36m304 [0m1.639 ms - -[0m
[0mGET /public/vendor-0a6fcf9080162c2d93b6.min.js [36m304 [0m1.612 ms - -[0m
[0mGET /public/collection-53df18a66d73c5cac5c3.min.js [36m304 [0m0.654 ms - -[0m
[0mGET /public/fonts/glyphicons-halflings-regular.woff2 [36m304 [0m0.172 ms - -[0m
[0mGET /db/pantheon/applicants?key=verified&value=1&type=J [32m200 [0m60.255 ms - 16248[0m
[0mGET /public/css/bootstrap.min.css [36m304 [0m0.864 ms - -[0m
[0mGET /public/css/theme/rubyblue.css [36m304 [0m0.702 ms - -[0m
[0mGET /public/css/codemirror.css [36m304 [0m0.629 ms - -[0m
[0mGET /public/css/bootstrap-theme.min.css [36m304 [0m0.415 ms - -[0m
[0mGET /public/css/style.css [36m304 [0m0.350 ms - -[0m
[0mGET /public/vendor-0a6fcf9080162c2d93b6.min.js [36m304 [0m0.178 ms - -[0m
[0mGET /public/img/gears.gif [36m304 [0m0.375 ms - -[0m
[0mGET /public/collection-53df18a66d73c5cac5c3.min.js [36m304 [0m0.355 ms - -[0m
[0mGET /public/codemirror-1cf5d807764f361f5011.min.js [36m304 [0m0.692 ms - -[0m
[0mGET /public/img/mongo-express-logo.png [36m304 [0m0.639 ms - -[0m
[0mGET /public/fonts/glyphicons-halflings-regular.woff2 [36m304 [0m0.721 ms - -[0m
[0mGET /db/pantheon/applicants?key=verified&value=&type=J [36m304 [0m55.572 ms - -[0m
[0mGET /public/css/bootstrap.min.css [36m304 [0m0.224 ms - -[0m
[0mGET /public/css/bootstrap-theme.min.css [36m304 [0m0.315 ms - -[0m
[0mGET /public/css/codemirror.css [36m304 [0m0.358 ms - -[0m
[0mGET /public/css/style.css [36m304 [0m0.337 ms - -[0m
[0mGET /public/css/theme/rubyblue.css [36m304 [0m0.171 ms - -[0m
[0mGET /public/vendor-0a6fcf9080162c2d93b6.min.js [36m304 [0m0.231 ms - -[0m
[0mGET /public/collection-53df18a66d73c5cac5c3.min.js [36m304 [0m0.190 ms - -[0m
[0mGET /public/codemirror-1cf5d807764f361f5011.min.js [36m304 [0m0.168 ms - -[0m
[0mGET /public/img/mongo-express-logo.png [36m304 [0m0.190 ms - -[0m
[0mGET /public/img/gears.gif [36m304 [0m0.227 ms - -[0m
[0mGET /public/fonts/glyphicons-halflings-regular.woff2 [36m304 [0m0.249 ms - -[0m
[0mGET /db/pantheon/applicants?key=gender&value=Male&type=J [36m302 [0m4.787 ms - 210[0m
[0mGET /db/pantheon/applicants?key=verified&value=&type=J [32m200 [0m54.165 ms - 57485[0m
[0mGET /public/css/style.css [36m304 [0m0.550 ms - -[0m
[0mGET /public/css/theme/rubyblue.css [36m304 [0m0.869 ms - -[0m
[0mGET /public/css/bootstrap-theme.min.css [36m304 [0m0.846 ms - -[0m
[0mGET /public/css/codemirror.css [36m304 [0m0.783 ms - -[0m
[0mGET /public/css/bootstrap.min.css [36m304 [0m1.436 ms - -[0m
[0mGET /public/img/mongo-express-logo.png [36m304 [0m0.538 ms - -[0m
[0mGET /public/img/gears.gif [36m304 [0m0.411 ms - -[0m
[0mGET /public/collection-53df18a66d73c5cac5c3.min.js [36m304 [0m0.242 ms - -[0m
[0mGET /public/codemirror-1cf5d807764f361f5011.min.js [36m304 [0m0.182 ms - -[0m
[0mGET /public/vendor-0a6fcf9080162c2d93b6.min.js [36m304 [0m0.211 ms - -[0m
[0mGET /public/fonts/glyphicons-halflings-regular.woff2 [36m304 [0m0.242 ms - -[0m
[0mGET /db/pantheon/applicants?key=verified&value=Male&type=S [32m200 [0m39.876 ms - 16251[0m
[0mGET /public/css/style.css [36m304 [0m0.659 ms - -[0m
[0mGET /public/css/codemirror.css [36m304 [0m0.507 ms - -[0m
[0mGET /public/css/bootstrap-theme.min.css [36m304 [0m0.830 ms - -[0m
[0mGET /public/css/bootstrap.min.css [36m304 [0m0.500 ms - -[0m
[0mGET /public/css/theme/rubyblue.css [36m304 [0m0.160 ms - -[0m
[0mGET /public/img/gears.gif [36m304 [0m2.197 ms - -[0m
[0mGET /public/vendor-0a6fcf9080162c2d93b6.min.js [36m304 [0m1.044 ms - -[0m
[0mGET /public/img/mongo-express-logo.png [36m304 [0m1.024 ms - -[0m
[0mGET /public/collection-53df18a66d73c5cac5c3.min.js [36m304 [0m1.021 ms - -[0m
[0mGET /public/codemirror-1cf5d807764f361f5011.min.js [36m304 [0m0.156 ms - -[0m
[0mGET /public/fonts/glyphicons-halflings-regular.woff2 [36m304 [0m0.198 ms - -[0m
[0mGET /db/pantheon/applicants?key=gender&value=Male&type=S [32m200 [0m47.799 ms - 57405[0m
[0mGET /public/css/bootstrap.min.css [36m304 [0m0.556 ms - -[0m
[0mGET /public/css/style.css [36m304 [0m0.259 ms - -[0m
[0mGET /public/css/bootstrap-theme.min.css [36m304 [0m0.409 ms - -[0m
[0mGET /public/css/codemirror.css [36m304 [0m0.202 ms - -[0m
[0mGET /public/css/theme/rubyblue.css [36m304 [0m0.171 ms - -[0m
[0mGET /public/img/gears.gif [36m304 [0m0.263 ms - -[0m
[0mGET /public/img/mongo-express-logo.png [36m304 [0m0.188 ms - -[0m
[0mGET /public/collection-53df18a66d73c5cac5c3.min.js [36m304 [0m0.363 ms - -[0m
[0mGET /public/codemirror-1cf5d807764f361f5011.min.js [36m304 [0m0.361 ms - -[0m
[0mGET /public/vendor-0a6fcf9080162c2d93b6.min.js [36m304 [0m0.202 ms - -[0m
[0mGET /public/fonts/glyphicons-halflings-regular.woff2 [36m304 [0m0.199 ms - -[0m
[0mGET /db/pantheon/applicants?key=gender&value=Female&type=S [32m200 [0m45.963 ms - 50036[0m
[0mGET /public/css/codemirror.css [36m304 [0m0.949 ms - -[0m
[0mGET /public/css/style.css [36m304 [0m0.980 ms - -[0m
[0mGET /public/css/bootstrap-theme.min.css [36m304 [0m0.956 ms - -[0m
[0mGET /public/css/bootstrap.min.css [36m304 [0m0.584 ms - -[0m
[0mGET /public/css/theme/rubyblue.css [36m304 [0m0.179 ms - -[0m
[0mGET /public/img/gears.gif [36m304 [0m0.208 ms - -[0m
[0mGET /public/img/mongo-express-logo.png [36m304 [0m0.174 ms - -[0m
[0mGET /public/fonts/glyphicons-halflings-regular.woff2 [36m304 [0m0.207 ms - -[0m
[0mGET /public/vendor-0a6fcf9080162c2d93b6.min.js [36m304 [0m0.299 ms - -[0m
[0mGET /public/collection-53df18a66d73c5cac5c3.min.js [36m304 [0m0.170 ms - -[0m
[0mGET /public/codemirror-1cf5d807764f361f5011.min.js [36m304 [0m0.300 ms - -[0m
[0mGET /db/pantheon/events [32m200 [0m48.423 ms - 42077[0m
[0mGET /public/css/bootstrap-theme.min.css [36m304 [0m0.876 ms - -[0m
[0mGET /public/css/bootstrap.min.css [36m304 [0m0.700 ms - -[0m
[0mGET /public/css/codemirror.css [36m304 [0m0.453 ms - -[0m
[0mGET /public/css/theme/rubyblue.css [36m304 [0m0.408 ms - -[0m
[0mGET /public/css/style.css [36m304 [0m0.165 ms - -[0m
[0mGET /public/img/mongo-express-logo.png [36m304 [0m0.210 ms - -[0m
[0mGET /public/img/gears.gif [36m304 [0m0.218 ms - -[0m
[0mGET /public/codemirror-1cf5d807764f361f5011.min.js [36m304 [0m1.699 ms - -[0m
[0mGET /public/collection-53df18a66d73c5cac5c3.min.js [36m304 [0m1.460 ms - -[0m
[0mGET /public/vendor-0a6fcf9080162c2d93b6.min.js [36m304 [0m1.373 ms - -[0m
[0mGET /public/fonts/glyphicons-halflings-regular.woff2 [36m304 [0m0.217 ms - -[0m
[0mGET /db/pantheon/applicants [32m200 [0m51.171 ms - 57136[0m
[0mGET /public/css/bootstrap.min.css [36m304 [0m0.284 ms - -[0m
[0mGET /public/css/style.css [36m304 [0m0.271 ms - -[0m
[0mGET /public/css/codemirror.css [36m304 [0m0.485 ms - -[0m
[0mGET /public/css/theme/rubyblue.css [36m304 [0m0.475 ms - -[0m
[0mGET /public/css/bootstrap-theme.min.css [36m304 [0m0.271 ms - -[0m
[0mGET /public/img/mongo-express-logo.png [36m304 [0m0.640 ms - -[0m
[0mGET /public/img/gears.gif [36m304 [0m0.606 ms - -[0m
[0mGET /public/collection-53df18a66d73c5cac5c3.min.js [36m304 [0m0.276 ms - -[0m
[0mGET /public/vendor-0a6fcf9080162c2d93b6.min.js [36m304 [0m0.253 ms - -[0m
[0mGET /public/codemirror-1cf5d807764f361f5011.min.js [36m304 [0m0.983 ms - -[0m
[0mGET /public/fonts/glyphicons-halflings-regular.woff2 [36m304 [0m0.908 ms - -[0m
[0mGET /db/pantheon/applicants?skip=20&key=&value=&type=&query=&projection= [32m200 [0m47.060 ms - 57527[0m
[0mGET /public/css/style.css [36m304 [0m0.282 ms - -[0m
[0mGET /public/css/bootstrap.min.css [36m304 [0m0.170 ms - -[0m
[0mGET /public/css/bootstrap-theme.min.css [36m304 [0m0.209 ms - -[0m
[0mGET /public/css/codemirror.css [36m304 [0m0.156 ms - -[0m
[0mGET /public/css/theme/rubyblue.css [36m304 [0m0.194 ms - -[0m
[0mGET /public/img/gears.gif [36m304 [0m0.421 ms - -[0m
[0mGET /public/img/mongo-express-logo.png [36m304 [0m0.454 ms - -[0m
[0mGET /public/collection-53df18a66d73c5cac5c3.min.js [36m304 [0m0.201 ms - -[0m
[0mGET /public/vendor-0a6fcf9080162c2d93b6.min.js [36m304 [0m1.372 ms - -[0m
[0mGET /public/codemirror-1cf5d807764f361f5011.min.js [36m304 [0m0.215 ms - -[0m
[0mGET /public/fonts/glyphicons-halflings-regular.woff2 [36m304 [0m0.271 ms - -[0m
[0mGET /db/pantheon/applicants?skip=40&key=&value=&type=&query=&projection= [32m200 [0m50.051 ms - 47732[0m
[0mGET /public/css/style.css [36m304 [0m0.249 ms - -[0m
[0mGET /public/css/bootstrap.min.css [36m304 [0m0.426 ms - -[0m
[0mGET /public/css/codemirror.css [36m304 [0m0.312 ms - -[0m
[0mGET /public/css/bootstrap-theme.min.css [36m304 [0m0.371 ms - -[0m
[0mGET /public/css/theme/rubyblue.css [36m304 [0m0.342 ms - -[0m
[0mGET /public/img/mongo-express-logo.png [36m304 [0m0.187 ms - -[0m
[0mGET /public/img/gears.gif [36m304 [0m0.173 ms - -[0m
[0mGET /public/vendor-0a6fcf9080162c2d93b6.min.js [36m304 [0m0.388 ms - -[0m
[0mGET /public/codemirror-1cf5d807764f361f5011.min.js [36m304 [0m0.309 ms - -[0m
[0mGET /public/collection-53df18a66d73c5cac5c3.min.js [36m304 [0m0.196 ms - -[0m
[0mGET /public/fonts/glyphicons-halflings-regular.woff2 [36m304 [0m0.318 ms - -[0m
[0mGET /db/pantheon/applicants/%252259cea3f63280a16e65bb5caa%2522 [32m200 [0m19.240 ms - 6481[0m
[0mGET /public/css/theme/rubyblue.css [36m304 [0m1.125 ms - -[0m
[0mGET /public/css/bootstrap.min.css [36m304 [0m1.131 ms - -[0m
[0mGET /public/css/bootstrap-theme.min.css [36m304 [0m1.003 ms - -[0m
[0mGET /public/css/style.css [36m304 [0m0.479 ms - -[0m
[0mGET /public/css/codemirror.css [36m304 [0m0.393 ms - -[0m
[0mGET /public/vendor-0a6fcf9080162c2d93b6.min.js [36m304 [0m0.178 ms - -[0m
[0mGET /public/img/mongo-express-logo.png [36m304 [0m0.293 ms - -[0m
[0mGET /public/document-a23d7614559f854746f3.min.js [36m304 [0m0.863 ms - -[0m
[0mGET /public/codemirror-1cf5d807764f361f5011.min.js [36m304 [0m0.843 ms - -[0m
[0mGET /public/img/gears.gif [36m304 [0m2.110 ms - -[0m
[0mGET /public/fonts/glyphicons-halflings-regular.woff2 [36m304 [0m0.243 ms - -[0m
[0mGET /db/pantheon/events [36m304 [0m53.326 ms - -[0m
[0mGET /public/css/codemirror.css [36m304 [0m0.911 ms - -[0m
[0mGET /public/css/bootstrap.min.css [36m304 [0m0.782 ms - -[0m
[0mGET /public/css/bootstrap-theme.min.css [36m304 [0m0.480 ms - -[0m
[0mGET /public/css/style.css [36m304 [0m0.520 ms - -[0m
[0mGET /public/css/theme/rubyblue.css [36m304 [0m0.186 ms - -[0m
[0mGET /public/vendor-0a6fcf9080162c2d93b6.min.js [36m304 [0m0.206 ms - -[0m
[0mGET /public/collection-53df18a66d73c5cac5c3.min.js [36m304 [0m0.202 ms - -[0m
[0mGET /public/codemirror-1cf5d807764f361f5011.min.js [36m304 [0m0.985 ms - -[0m
[0mGET /public/img/mongo-express-logo.png [36m304 [0m0.221 ms - -[0m
[0mGET /public/img/gears.gif [36m304 [0m0.220 ms - -[0m
[0mGET /public/fonts/glyphicons-halflings-regular.woff2 [36m304 [0m0.248 ms - -[0m
[0mGET /db/pantheon/saps [32m200 [0m46.022 ms - 44880[0m
[0mGET /public/css/bootstrap.min.css [36m304 [0m0.198 ms - -[0m
[0mGET /public/css/style.css [36m304 [0m0.183 ms - -[0m
[0mGET /public/css/theme/rubyblue.css [36m304 [0m1.333 ms - -[0m
[0mGET /public/css/bootstrap-theme.min.css [36m304 [0m0.690 ms - -[0m
[0mGET /public/css/codemirror.css [36m304 [0m0.161 ms - -[0m
[0mGET /public/img/mongo-express-logo.png [36m304 [0m0.160 ms - -[0m
[0mGET /public/img/gears.gif [36m304 [0m0.207 ms - -[0m
[0mGET /public/fonts/glyphicons-halflings-regular.woff2 [36m304 [0m0.195 ms - -[0m
[0mGET /public/vendor-0a6fcf9080162c2d93b6.min.js [36m304 [0m1.908 ms - -[0m
[0mGET /public/codemirror-1cf5d807764f361f5011.min.js [36m304 [0m0.946 ms - -[0m
[0mGET /public/collection-53df18a66d73c5cac5c3.min.js [36m304 [0m0.583 ms - -[0m
[0mGET /db/pantheon/applicants [36m304 [0m60.816 ms - -[0m
[0mGET /public/css/bootstrap.min.css [36m304 [0m0.362 ms - -[0m
[0mGET /public/css/theme/rubyblue.css [36m304 [0m0.884 ms - -[0m
[0mGET /public/css/bootstrap-theme.min.css [36m304 [0m0.809 ms - -[0m
[0mGET /public/css/codemirror.css [36m304 [0m0.822 ms - -[0m
[0mGET /public/css/style.css [36m304 [0m0.225 ms - -[0m
[0mGET /public/vendor-0a6fcf9080162c2d93b6.min.js [36m304 [0m0.224 ms - -[0m
[0mGET /public/img/mongo-express-logo.png [36m304 [0m0.212 ms - -[0m
[0mGET /public/codemirror-1cf5d807764f361f5011.min.js [36m304 [0m1.646 ms - -[0m
[0mGET /public/img/gears.gif [36m304 [0m1.240 ms - -[0m
[0mGET /public/collection-53df18a66d73c5cac5c3.min.js [36m304 [0m1.074 ms - -[0m
[0mGET /public/fonts/glyphicons-halflings-regular.woff2 [36m304 [0m0.215 ms - -[0m
[0mGET /db/pantheon/applicants?skip=20&key=&value=&type=&query=&projection= [36m304 [0m58.615 ms - -[0m
[0mGET /public/css/codemirror.css [36m304 [0m1.631 ms - -[0m
[0mGET /public/css/bootstrap.min.css [36m304 [0m1.263 ms - -[0m
[0mGET /public/css/bootstrap-theme.min.css [36m304 [0m1.122 ms - -[0m
[0mGET /public/css/theme/rubyblue.css [36m304 [0m0.484 ms - -[0m
[0mGET /public/css/style.css [36m304 [0m0.761 ms - -[0m
[0mGET /public/vendor-0a6fcf9080162c2d93b6.min.js [36m304 [0m0.301 ms - -[0m
[0mGET /public/collection-53df18a66d73c5cac5c3.min.js [36m304 [0m0.221 ms - -[0m
[0mGET /public/codemirror-1cf5d807764f361f5011.min.js [36m304 [0m0.432 ms - -[0m
[0mGET /public/img/gears.gif [36m304 [0m0.409 ms - -[0m
[0mGET /public/img/mongo-express-logo.png [36m304 [0m0.172 ms - -[0m
[0mGET /public/fonts/glyphicons-halflings-regular.woff2 [36m304 [0m0.225 ms - -[0m
[0mGET /db/pantheon/applicants?skip=40&key=&value=&type=&query=&projection= [36m304 [0m46.562 ms - -[0m
[0mGET /public/css/style.css [36m304 [0m0.282 ms - -[0m
[0mGET /public/css/bootstrap.min.css [36m304 [0m0.369 ms - -[0m
[0mGET /public/css/bootstrap-theme.min.css [36m304 [0m0.359 ms - -[0m
[0mGET /public/css/theme/rubyblue.css [36m304 [0m0.383 ms - -[0m
[0mGET /public/css/codemirror.css [36m304 [0m0.311 ms - -[0m
[0mGET /public/vendor-0a6fcf9080162c2d93b6.min.js [36m304 [0m0.202 ms - -[0m
[0mGET /public/collection-53df18a66d73c5cac5c3.min.js [36m304 [0m0.181 ms - -[0m
[0mGET /public/codemirror-1cf5d807764f361f5011.min.js [36m304 [0m0.177 ms - -[0m
[0mGET /public/img/gears.gif [36m304 [0m0.359 ms - -[0m
[0mGET /public/img/mongo-express-logo.png [36m304 [0m0.306 ms - -[0m
[0mGET /public/fonts/glyphicons-halflings-regular.woff2 [36m304 [0m0.174 ms - -[0m
[0mGET /db/pantheon/applicants?key=collegeName&value=Birla+Institute+of+Technology%2C+Mesra&type=S [32m200 [0m47.573 ms - 58034[0m
[0mGET /public/css/bootstrap.min.css [36m304 [0m0.527 ms - -[0m
[0mGET /public/css/bootstrap-theme.min.css [36m304 [0m0.223 ms - -[0m
[0mGET /public/css/theme/rubyblue.css [36m304 [0m0.441 ms - -[0m
[0mGET /public/css/codemirror.css [36m304 [0m0.388 ms - -[0m
[0mGET /public/css/style.css [36m304 [0m0.184 ms - -[0m
[0mGET /public/img/mongo-express-logo.png [36m304 [0m0.207 ms - -[0m
[0mGET /public/img/gears.gif [36m304 [0m0.213 ms - -[0m
[0mGET /public/fonts/glyphicons-halflings-regular.woff2 [36m304 [0m0.199 ms - -[0m
[0mGET /public/vendor-0a6fcf9080162c2d93b6.min.js [36m304 [0m0.245 ms - -[0m
[0mGET /public/codemirror-1cf5d807764f361f5011.min.js [36m304 [0m0.146 ms - -[0m
[0mGET /public/collection-53df18a66d73c5cac5c3.min.js [36m304 [0m0.178 ms - -[0m
[0mGET /db/pantheon/applicants?key=collegeName&value=%5E%2FBirla+Institute+of+Technology%2C+Mesra%2F&type=R [32m200 [0m45.880 ms - 16289[0m
[0mGET /public/css/bootstrap.min.css [36m304 [0m0.472 ms - -[0m
[0mGET /public/css/style.css [36m304 [0m1.313 ms - -[0m
[0mGET /public/css/bootstrap-theme.min.css [36m304 [0m0.539 ms - -[0m
[0mGET /public/css/codemirror.css [36m304 [0m0.778 ms - -[0m
[0mGET /public/css/theme/rubyblue.css [36m304 [0m0.740 ms - -[0m
[0mGET /public/img/mongo-express-logo.png [36m304 [0m0.344 ms - -[0m
[0mGET /public/collection-53df18a66d73c5cac5c3.min.js [36m304 [0m0.837 ms - -[0m
[0mGET /public/codemirror-1cf5d807764f361f5011.min.js [36m304 [0m0.759 ms - -[0m
[0mGET /public/vendor-0a6fcf9080162c2d93b6.min.js [36m304 [0m0.642 ms - -[0m
[0mGET /public/img/gears.gif [36m304 [0m0.221 ms - -[0m
[0mGET /public/fonts/glyphicons-halflings-regular.woff2 [36m304 [0m0.272 ms - -[0m
[0mGET /db/pantheon/applicants?query=select+*+from+applicants+where+collegeName%21%3D%22Birla+Institute+of+Technology%2C+Mesra%22&projection= [36m302 [0m4.850 ms - 310[0m
[0mGET /db/pantheon/applicants?key=collegeName&value=%5E%2FBirla+Institute+of+Technology%2C+Mesra%2F&type=R [32m200 [0m38.711 ms - 16463[0m
[0mGET /public/css/bootstrap-theme.min.css [36m304 [0m0.226 ms - -[0m
[0mGET /public/css/codemirror.css [36m304 [0m0.656 ms - -[0m
[0mGET /public/css/bootstrap.min.css [36m304 [0m0.666 ms - -[0m
[0mGET /public/css/style.css [36m304 [0m0.621 ms - -[0m
[0mGET /public/css/theme/rubyblue.css [36m304 [0m0.235 ms - -[0m
[0mGET /public/vendor-0a6fcf9080162c2d93b6.min.js [36m304 [0m0.192 ms - -[0m
[0mGET /public/codemirror-1cf5d807764f361f5011.min.js [36m304 [0m0.252 ms - -[0m
[0mGET /public/collection-53df18a66d73c5cac5c3.min.js [36m304 [0m0.216 ms - -[0m
[0mGET /public/img/mongo-express-logo.png [36m304 [0m0.211 ms - -[0m
[0mGET /public/img/gears.gif [36m304 [0m0.189 ms - -[0m
[0mGET /public/fonts/glyphicons-halflings-regular.woff2 [36m304 [0m0.289 ms - -[0m
[0mGET /db/pantheon/applicants?key=collegeName&value=&type=R [32m200 [0m46.582 ms - 57348[0m
[0mGET /public/css/bootstrap.min.css [36m304 [0m0.271 ms - -[0m
[0mGET /public/css/bootstrap-theme.min.css [36m304 [0m0.341 ms - -[0m
[0mGET /public/css/codemirror.css [36m304 [0m0.195 ms - -[0m
[0mGET /public/css/theme/rubyblue.css [36m304 [0m0.420 ms - -[0m
[0mGET /public/css/style.css [36m304 [0m0.357 ms - -[0m
[0mGET /public/img/gears.gif [36m304 [0m0.361 ms - -[0m
[0mGET /public/img/mongo-express-logo.png [36m304 [0m0.325 ms - -[0m
[0mGET /public/fonts/glyphicons-halflings-regular.woff2 [36m304 [0m0.656 ms - -[0m
[0mGET /public/vendor-0a6fcf9080162c2d93b6.min.js [36m304 [0m0.187 ms - -[0m
[0mGET /public/codemirror-1cf5d807764f361f5011.min.js [36m304 [0m0.181 ms - -[0m
[0mGET /public/collection-53df18a66d73c5cac5c3.min.js [36m304 [0m0.325 ms - -[0m
[0mGET /db/pantheon/expCsv/applicants [32m200 [0m19.766 ms - -[0m
[0mGET /db/pantheon/saps [36m304 [0m58.502 ms - -[0m
[0mGET /public/css/codemirror.css [36m304 [0m0.675 ms - -[0m
[0mGET /public/css/style.css [36m304 [0m0.850 ms - -[0m
[0mGET /public/css/bootstrap.min.css [36m304 [0m0.738 ms - -[0m
[0mGET /public/css/bootstrap-theme.min.css [36m304 [0m0.693 ms - -[0m
[0mGET /public/css/theme/rubyblue.css [36m304 [0m0.659 ms - -[0m
[0mGET /public/vendor-0a6fcf9080162c2d93b6.min.js [36m304 [0m0.209 ms - -[0m
[0mGET /public/codemirror-1cf5d807764f361f5011.min.js [36m304 [0m0.193 ms - -[0m
[0mGET /public/img/gears.gif [36m304 [0m0.228 ms - -[0m
[0mGET /public/img/mongo-express-logo.png [36m304 [0m0.194 ms - -[0m
[0mGET /public/collection-53df18a66d73c5cac5c3.min.js [36m304 [0m0.185 ms - -[0m
[0mGET /public/fonts/glyphicons-halflings-regular.woff2 [36m304 [0m0.165 ms - -[0m
